2024-01-28 14:01:806 INFO  ManageBrowser :33 - Chrome Browser Launch .....
2024-01-28 14:01:443 INFO  ManageBrowser :33 - Chrome Browser Launch .....
2024-01-28 14:01:118 INFO  ManageBrowser :37 - Chrome Browser Launch .....
2024-01-28 15:01:562 INFO  ManageBrowser :37 - Chrome Browser Launch .....
2024-01-28 15:01:410 INFO  ManageBrowser :37 - Chrome Browser Launch .....
2024-01-28 15:01:197 INFO  ManageBrowser :37 - Chrome Browser Launch .....
2024-01-28 15:01:470 INFO  ManageBrowser :37 - Chrome Browser Launch .....
2024-01-28 15:01:773 INFO  ManageBrowser :37 - Chrome Browser Launch .....
2024-01-28 15:01:553 INFO  ManageBrowser :37 - Chrome Browser Launch .....
2024-01-28 15:01:771 INFO  ManageBrowser :37 - Chrome Browser Launch .....
2024-01-28 15:01:93 INFO  HomePage :29 - Click on accept all cookies: [[ChromeDriver: chrome on windows (93d505d0a470f305e5d017672451d31f)] -> css selector: label[for='privacy_pref_optin']]
2024-01-28 15:01:130 INFO  HomePage :33 - Verify Welcome message on homepage: [[ChromeDriver: chrome on windows (93d505d0a470f305e5d017672451d31f)] -> xpath: //h1[normalize-space()='Welcome to Virgin Games']]
2024-01-28 15:01:343 INFO  HomePage :39 - Click on Casino Tab: [[ChromeDriver: chrome on windows (93d505d0a470f305e5d017672451d31f)] -> link text: Casino]
2024-01-28 15:01:590 INFO  HomePage :43 - verify popular online casino games message: [[ChromeDriver: chrome on windows (93d505d0a470f305e5d017672451d31f)] -> css selector: body > div:nth-child(3) > div:nth-child(1) > div:nth-child(2) > section:nth-child(6) > h2:nth-child(1)]
2024-01-28 15:01:736 INFO  ManageBrowser :37 - Chrome Browser Launch .....
2024-01-28 15:01:900 INFO  HomePage :29 - Click on accept all cookies: [[ChromeDriver: chrome on windows (4de030ba528741422876cced22ddc4a5)] -> css selector: label[for='privacy_pref_optin']]
2024-01-28 15:01:942 INFO  HomePage :33 - Verify Welcome message on homepage: [[ChromeDriver: chrome on windows (4de030ba528741422876cced22ddc4a5)] -> xpath: //h1[normalize-space()='Welcome to Virgin Games']]
2024-01-28 15:01:213 INFO  HomePage :39 - Click on Casino Tab: [[ChromeDriver: chrome on windows (4de030ba528741422876cced22ddc4a5)] -> link text: Casino]
2024-01-28 15:01:270 INFO  HomePage :43 - verify popular online casino games message: [[ChromeDriver: chrome on windows (4de030ba528741422876cced22ddc4a5)] -> css selector: body > div:nth-child(3) > div:nth-child(1) > div:nth-child(2) > section:nth-child(6) > h2:nth-child(1)]
2024-01-28 15:01:66 INFO  ManageBrowser :33 - Chrome Browser Launch .....
2024-01-28 15:01:435 INFO  HomePage :29 - Click on accept all cookies: [[ChromeDriver: chrome on windows (3199e2be118f6908842eedddab6d62dd)] -> css selector: label[for='privacy_pref_optin']]
2024-01-28 15:01:479 INFO  HomePage :33 - Verify Welcome message on homepage: [[ChromeDriver: chrome on windows (3199e2be118f6908842eedddab6d62dd)] -> xpath: //h1[normalize-space()='Welcome to Virgin Games']]
2024-01-28 15:01:760 INFO  HomePage :39 - Click on Casino Tab: [[ChromeDriver: chrome on windows (3199e2be118f6908842eedddab6d62dd)] -> link text: Casino]
2024-01-28 15:01:950 INFO  HomePage :44 - verify popular online casino games message: [[ChromeDriver: chrome on windows (3199e2be118f6908842eedddab6d62dd)] -> css selector: body > div:nth-child(3) > div:nth-child(1) > div:nth-child(2) > section:nth-child(6) > h2:nth-child(1)]
2024-01-28 15:01:441 INFO  ManageBrowser :33 - Chrome Browser Launch .....
2024-01-28 15:01:681 INFO  HomePage :29 - Click on accept all cookies: [[ChromeDriver: chrome on windows (49b400310234e70e1bf114dd2b1c6eb5)] -> css selector: label[for='privacy_pref_optin']]
2024-01-28 15:01:719 INFO  HomePage :33 - Verify Welcome message on homepage: [[ChromeDriver: chrome on windows (49b400310234e70e1bf114dd2b1c6eb5)] -> xpath: //h1[normalize-space()='Welcome to Virgin Games']]
2024-01-28 15:01:998 INFO  HomePage :39 - Click on Casino Tab: [[ChromeDriver: chrome on windows (49b400310234e70e1bf114dd2b1c6eb5)] -> link text: Casino]
2024-01-28 15:01:36 INFO  HomePage :43 - verify popular online casino games message: [[ChromeDriver: chrome on windows (49b400310234e70e1bf114dd2b1c6eb5)] -> css selector: body > div:nth-child(3) > div:nth-child(1) > div:nth-child(2) > section:nth-child(6) > h2:nth-child(1)]
2024-01-28 15:01:57 INFO  ManageBrowser :33 - Chrome Browser Launch .....
2024-01-28 15:01:282 INFO  HomePage :29 - Click on accept all cookies: [[ChromeDriver: chrome on windows (ec7fa91ad2b607d5c25fdc5e5c6eb036)] -> css selector: label[for='privacy_pref_optin']]
2024-01-28 15:01:321 INFO  HomePage :33 - Verify Welcome message on homepage: [[ChromeDriver: chrome on windows (ec7fa91ad2b607d5c25fdc5e5c6eb036)] -> xpath: //h1[normalize-space()='Welcome to Virgin Games']]
2024-01-28 15:01:608 INFO  HomePage :39 - Click on Casino Tab: [[ChromeDriver: chrome on windows (ec7fa91ad2b607d5c25fdc5e5c6eb036)] -> link text: Casino]
2024-01-28 15:01:644 INFO  HomePage :43 - verify popular online casino games message: [[ChromeDriver: chrome on windows (ec7fa91ad2b607d5c25fdc5e5c6eb036)] -> css selector: body > div:nth-child(3) > div:nth-child(1) > div:nth-child(2) > section:nth-child(6) > h2:nth-child(1)]
2024-01-28 15:01:187 INFO  ManageBrowser :33 - Chrome Browser Launch .....
2024-01-28 15:01:426 INFO  HomePage :29 - Click on accept all cookies: [[ChromeDriver: chrome on windows (fa71b351dd9cb1a2996783edc800b150)] -> css selector: label[for='privacy_pref_optin']]
2024-01-28 15:01:449 INFO  HomePage :33 - Verify Welcome message on homepage: [[ChromeDriver: chrome on windows (fa71b351dd9cb1a2996783edc800b150)] -> xpath: //h1[normalize-space()='Welcome to Virgin Games']]
2024-01-28 15:01:684 INFO  HomePage :39 - Click on Casino Tab: [[ChromeDriver: chrome on windows (fa71b351dd9cb1a2996783edc800b150)] -> link text: Casino]
2024-01-28 15:01:746 INFO  HomePage :43 - verify popular online casino games message: [[ChromeDriver: chrome on windows (fa71b351dd9cb1a2996783edc800b150)] -> css selector: body > div:nth-child(3) > div:nth-child(1) > div:nth-child(2) > section:nth-child(6) > h2:nth-child(1)]
2024-01-28 15:01:872 INFO  ManageBrowser :33 - Chrome Browser Launch .....
2024-01-28 15:01:152 INFO  HomePage :28 - Click on accept all cookies: [[ChromeDriver: chrome on windows (84698211967c7261e8c40eb4b050c42b)] -> css selector: label[for='privacy_pref_optin']]
2024-01-28 15:01:188 INFO  HomePage :32 - Verify Welcome message on homepage: [[ChromeDriver: chrome on windows (84698211967c7261e8c40eb4b050c42b)] -> xpath: //h1[normalize-space()='Welcome to Virgin Games']]
2024-01-28 15:01:466 INFO  HomePage :38 - Click on Casino Tab: [[ChromeDriver: chrome on windows (84698211967c7261e8c40eb4b050c42b)] -> link text: Casino]
2024-01-28 15:01:810 INFO  HomePage :42 - verify popular online casino games message: [[ChromeDriver: chrome on windows (84698211967c7261e8c40eb4b050c42b)] -> css selector: body > div:nth-child(3) > div:nth-child(1) > div:nth-child(2) > section:nth-child(6) > h2:nth-child(1)]
2024-01-28 21:01:873 INFO  ManageBrowser :33 - Chrome Browser Launch .....
2024-01-28 21:01:96 INFO  HomePage :28 - Click on accept all cookies: [[ChromeDriver: chrome on windows (5a477ac526341c741f2ff64b9b50ab64)] -> css selector: label[for='privacy_pref_optin']]
2024-01-28 21:01:125 INFO  HomePage :32 - Verify Welcome message on homepage: [[ChromeDriver: chrome on windows (5a477ac526341c741f2ff64b9b50ab64)] -> xpath: //h1[normalize-space()='Welcome to Virgin Games']]
2024-01-28 21:01:327 INFO  ManageBrowser :33 - Chrome Browser Launch .....
2024-01-28 21:01:754 INFO  ManageBrowser :33 - Chrome Browser Launch .....
2024-01-28 21:01:136 INFO  HomePage :28 - Click on accept all cookies: [[ChromeDriver: chrome on windows (b22f576b81c968eed74ceb69c682585a)] -> css selector: label[for='privacy_pref_optin']]
2024-01-28 21:01:175 INFO  HomePage :32 - Verify Welcome message on homepage: [[ChromeDriver: chrome on windows (b22f576b81c968eed74ceb69c682585a)] -> xpath: //h1[normalize-space()='Welcome to Virgin Games']]
2024-01-28 21:01:251 INFO  ManageBrowser :33 - Chrome Browser Launch .....
2024-01-28 21:01:418 INFO  HomePage :28 - Click on accept all cookies: [[ChromeDriver: chrome on windows (2c14c9946b93de018bd6fb1fca241170)] -> css selector: label[for='privacy_pref_optin']]
2024-01-28 21:01:764 INFO  HomePage :38 - Click on Casino Tab: [[ChromeDriver: chrome on windows (2c14c9946b93de018bd6fb1fca241170)] -> link text: Casino]
2024-01-28 21:01:883 INFO  HomePage :42 - verify popular online casino games message: [[ChromeDriver: chrome on windows (2c14c9946b93de018bd6fb1fca241170)] -> css selector: body > div:nth-child(3) > div:nth-child(1) > div:nth-child(2) > section:nth-child(6) > h2:nth-child(1)]
2024-01-29 00:01:290 INFO  ManageBrowser :33 - Chrome Browser Launch .....
2024-01-29 00:01:128 INFO  HomePage :28 - Click on accept all cookies: [[ChromeDriver: chrome on windows (148a622ec0d06eb816c2a5d9128a86cd)] -> css selector: label[for='privacy_pref_optin']]
2024-01-29 00:01:192 INFO  HomePage :32 - Verify Welcome message on homepage: [[ChromeDriver: chrome on windows (148a622ec0d06eb816c2a5d9128a86cd)] -> xpath: //h1[normalize-space()='Welcome to Virgin Games']]
2024-01-29 00:01:546 INFO  ManageBrowser :33 - Chrome Browser Launch .....
2024-01-29 00:01:281 INFO  HomePage :28 - Click on accept all cookies: [[ChromeDriver: chrome on windows (298c0f39dcc7d06fde925a0cdaf39e2d)] -> css selector: label[for='privacy_pref_optin']]
2024-01-29 00:01:861 INFO  HomePage :38 - Click on Casino Tab: [[ChromeDriver: chrome on windows (298c0f39dcc7d06fde925a0cdaf39e2d)] -> link text: Casino]
2024-01-29 00:01:89 INFO  HomePage :42 - verify popular online casino games message: [[ChromeDriver: chrome on windows (298c0f39dcc7d06fde925a0cdaf39e2d)] -> css selector: body > div:nth-child(3) > div:nth-child(1) > div:nth-child(2) > section:nth-child(6) > h2:nth-child(1)]
2024-02-01 16:02:991 INFO  ManageBrowser :33 - Chrome Browser Launch .....
2024-02-01 16:02:414 INFO  HomePage :37 - Click on accept all cookies: [[ChromeDriver: chrome on windows (427047b26c5b27b54a99b7683b77abac)] -> css selector: label[for='privacy_pref_optin']]
2024-02-01 16:02:447 INFO  HomePage :41 - Verify Welcome message on homepage: [[ChromeDriver: chrome on windows (427047b26c5b27b54a99b7683b77abac)] -> xpath: //h1[normalize-space()='Welcome to Virgin Games']]
2024-02-01 16:02:392 INFO  ManageBrowser :33 - Chrome Browser Launch .....
2024-02-01 16:02:948 INFO  HomePage :37 - Click on accept all cookies: [[ChromeDriver: chrome on windows (64eb879cdd3df0a6c40b8326d3345e7e)] -> css selector: label[for='privacy_pref_optin']]
2024-02-01 16:02:245 INFO  HomePage :47 - Click on Casino Tab: [[ChromeDriver: chrome on windows (64eb879cdd3df0a6c40b8326d3345e7e)] -> link text: Casino]
2024-02-01 16:02:338 INFO  HomePage :51 - verify popular online casino games message: [[ChromeDriver: chrome on windows (64eb879cdd3df0a6c40b8326d3345e7e)] -> css selector: body > div:nth-child(3) > div:nth-child(1) > div:nth-child(2) > section:nth-child(6) > h2:nth-child(1)]
2024-02-01 16:02:91 INFO  ManageBrowser :33 - Chrome Browser Launch .....
2024-02-01 16:02:131 INFO  ManageBrowser :33 - Chrome Browser Launch .....
2024-02-01 16:02:602 INFO  HomePage :37 - Click on accept all cookies: [[ChromeDriver: chrome on windows (482d6de11c5f5e9639fd07f5172d50fb)] -> css selector: label[for='privacy_pref_optin']]
2024-02-01 16:02:662 INFO  HomePage :41 - Verify Welcome message on homepage: [[ChromeDriver: chrome on windows (482d6de11c5f5e9639fd07f5172d50fb)] -> xpath: //h1[normalize-space()='Welcome to Virgin Games']]
2024-02-01 16:02:535 INFO  ManageBrowser :33 - Chrome Browser Launch .....
2024-02-01 16:02:834 INFO  HomePage :37 - Click on accept all cookies: [[ChromeDriver: chrome on windows (2413003232ed4bd02f5b7a3fd41adfff)] -> css selector: label[for='privacy_pref_optin']]
2024-02-01 16:02:182 INFO  HomePage :47 - Click on Casino Tab: [[ChromeDriver: chrome on windows (2413003232ed4bd02f5b7a3fd41adfff)] -> link text: Casino]
2024-02-01 16:02:238 INFO  HomePage :51 - verify popular online casino games message: [[ChromeDriver: chrome on windows (2413003232ed4bd02f5b7a3fd41adfff)] -> css selector: body > div:nth-child(3) > div:nth-child(1) > div:nth-child(2) > section:nth-child(6) > h2:nth-child(1)]
2024-02-01 16:02:67 INFO  ManageBrowser :33 - Chrome Browser Launch .....
2024-02-01 16:02:530 INFO  HomePage :37 - Click on accept all cookies: [[ChromeDriver: chrome on windows (be903c0181ded17b098952b00af44f0d)] -> css selector: label[for='privacy_pref_optin']]
2024-02-01 16:02:910 INFO  HomePage :56 - Click on login button:[[ChromeDriver: chrome on windows (be903c0181ded17b098952b00af44f0d)] -> xpath: //a[normalize-space()='Login']]
2024-02-01 16:02:95 INFO  HomePage :59 - Verify the virgin games image: [[ChromeDriver: chrome on windows (be903c0181ded17b098952b00af44f0d)] -> xpath: //img[@alt='Virgin Games']]
2024-02-01 16:02:282 INFO  ManageBrowser :33 - Chrome Browser Launch .....
2024-02-01 16:02:961 INFO  HomePage :37 - Click on accept all cookies: [[ChromeDriver: chrome on windows (fa7c4baa0127f6a304fda27eefd2103e)] -> css selector: label[for='privacy_pref_optin']]
2024-02-01 16:02:338 INFO  HomePage :56 - Click on login button:[[ChromeDriver: chrome on windows (fa7c4baa0127f6a304fda27eefd2103e)] -> xpath: //a[normalize-space()='Login']]
2024-02-01 16:02:181 INFO  ManageBrowser :33 - Chrome Browser Launch .....
2024-02-01 16:02:830 INFO  HomePage :37 - Click on accept all cookies: [[ChromeDriver: chrome on windows (9ac96f1cd76de1b11129e942c4e284c2)] -> css selector: label[for='privacy_pref_optin']]
2024-02-01 16:02:41 INFO  HomePage :41 - Verify Welcome message on homepage: [[ChromeDriver: chrome on windows (9ac96f1cd76de1b11129e942c4e284c2)] -> xpath: //h1[normalize-space()='Welcome to Virgin Games']]
2024-02-01 16:02:649 INFO  ManageBrowser :33 - Chrome Browser Launch .....
2024-02-01 16:02:100 INFO  HomePage :37 - Click on accept all cookies: [[ChromeDriver: chrome on windows (d2fa0815c06644ae0750d585ed40a7c1)] -> css selector: label[for='privacy_pref_optin']]
2024-02-01 16:02:445 INFO  HomePage :47 - Click on Casino Tab: [[ChromeDriver: chrome on windows (d2fa0815c06644ae0750d585ed40a7c1)] -> link text: Casino]
2024-02-01 16:02:555 INFO  HomePage :51 - verify popular online casino games message: [[ChromeDriver: chrome on windows (d2fa0815c06644ae0750d585ed40a7c1)] -> css selector: body > div:nth-child(3) > div:nth-child(1) > div:nth-child(2) > section:nth-child(6) > h2:nth-child(1)]
2024-02-01 16:02:282 INFO  ManageBrowser :33 - Chrome Browser Launch .....
2024-02-01 16:02:827 INFO  HomePage :37 - Click on accept all cookies: [[ChromeDriver: chrome on windows (703db656e42a9513e088b7d3660daa93)] -> css selector: label[for='privacy_pref_optin']]
2024-02-01 16:02:84 INFO  HomePage :56 - Click on login button:[[ChromeDriver: chrome on windows (703db656e42a9513e088b7d3660daa93)] -> xpath: //a[normalize-space()='Login']]
2024-02-01 16:02:777 INFO  HomePage :59 - Verify the virgin games image: [[ChromeDriver: chrome on windows (703db656e42a9513e088b7d3660daa93)] -> xpath: //img[@alt='Virgin Games']]
2024-02-01 17:02:734 INFO  ManageBrowser :33 - Chrome Browser Launch .....
2024-02-01 17:02:126 INFO  HomePage :36 - Click on accept all cookies: [[ChromeDriver: chrome on windows (d35ec8006b9f5435908af3760b1035d8)] -> css selector: label[for='privacy_pref_optin']]
2024-02-01 17:02:168 INFO  HomePage :40 - Verify Welcome message on homepage: [[ChromeDriver: chrome on windows (d35ec8006b9f5435908af3760b1035d8)] -> xpath: //h1[normalize-space()='Welcome to Virgin Games']]
2024-02-01 17:02:14 INFO  ManageBrowser :33 - Chrome Browser Launch .....
2024-02-01 17:02:487 INFO  HomePage :36 - Click on accept all cookies: [[ChromeDriver: chrome on windows (0e0c2abfec0199f96ee08933bb17270a)] -> css selector: label[for='privacy_pref_optin']]
2024-02-01 17:02:816 INFO  HomePage :46 - Click on Casino Tab: [[ChromeDriver: chrome on windows (0e0c2abfec0199f96ee08933bb17270a)] -> link text: Casino]
2024-02-01 17:02:956 INFO  HomePage :50 - verify popular online casino games message: [[ChromeDriver: chrome on windows (0e0c2abfec0199f96ee08933bb17270a)] -> css selector: body > div:nth-child(3) > div:nth-child(1) > div:nth-child(2) > section:nth-child(6) > h2:nth-child(1)]
2024-02-01 17:02:809 INFO  ManageBrowser :33 - Chrome Browser Launch .....
2024-02-01 17:02:167 INFO  HomePage :36 - Click on accept all cookies: [[ChromeDriver: chrome on windows (8e2a09f57d284ab0aea377ee6bca1fcb)] -> css selector: label[for='privacy_pref_optin']]
2024-02-01 17:02:539 INFO  HomePage :55 - Click on search button:[[ChromeDriver: chrome on windows (8e2a09f57d284ab0aea377ee6bca1fcb)] -> xpath: (//*[name()='svg'][@id='Capa_1'])[1]]
2024-02-01 17:02:657 INFO  ManageBrowser :33 - Chrome Browser Launch .....
2024-02-01 17:02:132 INFO  HomePage :29 - Click on accept all cookies: [[ChromeDriver: chrome on windows (9ce068e0c9bd50fe4fea66dbe874c65f)] -> css selector: label[for='privacy_pref_optin']]
2024-02-01 17:02:180 INFO  HomePage :33 - Verify Welcome message on homepage: [[ChromeDriver: chrome on windows (9ce068e0c9bd50fe4fea66dbe874c65f)] -> xpath: //h1[normalize-space()='Welcome to Virgin Games']]
2024-02-01 17:02:13 INFO  ManageBrowser :33 - Chrome Browser Launch .....
2024-02-01 17:02:391 INFO  HomePage :29 - Click on accept all cookies: [[ChromeDriver: chrome on windows (380c27888bb2f59158a6c177f0e5f9b9)] -> css selector: label[for='privacy_pref_optin']]
2024-02-01 17:02:667 INFO  HomePage :39 - Click on Casino Tab: [[ChromeDriver: chrome on windows (380c27888bb2f59158a6c177f0e5f9b9)] -> link text: Casino]
2024-02-01 17:02:832 INFO  HomePage :43 - verify popular online casino games message: [[ChromeDriver: chrome on windows (380c27888bb2f59158a6c177f0e5f9b9)] -> css selector: body > div:nth-child(3) > div:nth-child(1) > div:nth-child(2) > section:nth-child(6) > h2:nth-child(1)]
